2023-10-02 18:28:12,169 [MainThread] INFO DataLoader - Creating test set loaders...
2023-10-02 18:28:12,178 [MainThread] INFO DataLoader - Number of workers for the dataloader: 2
2023-10-02 18:28:12,179 [MainThread] INFO DataLoader - Batch size for dataloader: 1
2023-10-02 18:32:45,022 [MainThread] INFO DataLoader - Creating test set loaders...
2023-10-02 18:32:45,032 [MainThread] INFO DataLoader - Number of workers for the dataloader: 2
2023-10-02 18:32:45,032 [MainThread] INFO DataLoader - Batch size for dataloader: 1
2023-10-02 18:33:10,948 [MainThread] INFO DataLoader - Creating test set loaders...
2023-10-02 18:33:31,633 [MainThread] INFO DataLoader - Creating test set loaders...
2023-10-02 18:33:31,646 [MainThread] INFO DataLoader - Number of workers for the dataloader: 2
2023-10-02 18:33:31,647 [MainThread] INFO DataLoader - Batch size for dataloader: 1
2023-10-02 18:34:24,095 [MainThread] INFO DataLoader - Creating test set loaders...
2023-10-02 18:34:25,171 [MainThread] INFO DataLoader - Slice builder config: {'name': 'SliceBuilder', 'patch_shape': [1, 256, 256], 'stride_shape': [1, 256, 256]}
2023-10-02 18:34:26,397 [MainThread] INFO DataLoader - Slice builder config: {'name': 'SliceBuilder', 'patch_shape': [1, 256, 256], 'stride_shape': [1, 256, 256]}
2023-10-02 18:34:26,408 [MainThread] INFO DataLoader - Number of workers for the dataloader: 2
2023-10-02 18:34:26,409 [MainThread] INFO DataLoader - Batch size for dataloader: 1
2023-10-02 18:34:26,410 [MainThread] INFO DataLoader - Loading test set from: D:\CapstoneData\test_dataset\Data_h5\test\drf2_patient497.h5...
2023-10-02 18:39:29,842 [MainThread] INFO DataLoader - Creating test set loaders...
2023-10-02 18:39:30,587 [MainThread] INFO DataLoader - Slice builder config: {'name': 'SliceBuilder', 'patch_shape': [1, 256, 256], 'stride_shape': [1, 256, 256]}
2023-10-02 18:39:31,430 [MainThread] INFO DataLoader - Slice builder config: {'name': 'SliceBuilder', 'patch_shape': [1, 256, 256], 'stride_shape': [1, 256, 256]}
2023-10-02 18:39:31,440 [MainThread] INFO DataLoader - Number of workers for the dataloader: 2
2023-10-02 18:39:31,441 [MainThread] INFO DataLoader - Batch size for dataloader: 1
2023-10-02 18:39:31,441 [MainThread] INFO DataLoader - Loading test set from: D:\CapstoneData\test_dataset\Data_h5\test\drf2_patient497.h5...
2023-10-02 18:44:56,158 [MainThread] INFO DataLoader - Creating test set loaders...
2023-10-02 18:44:57,134 [MainThread] INFO DataLoader - Slice builder config: {'name': 'SliceBuilder', 'patch_shape': [1, 256, 256], 'stride_shape': [1, 256, 256]}
2023-10-02 18:44:58,160 [MainThread] INFO DataLoader - Slice builder config: {'name': 'SliceBuilder', 'patch_shape': [1, 256, 256], 'stride_shape': [1, 256, 256]}
2023-10-02 18:44:58,172 [MainThread] INFO DataLoader - Number of workers for the dataloader: 2
2023-10-02 18:44:58,172 [MainThread] INFO DataLoader - Batch size for dataloader: 1
2023-10-02 18:44:58,173 [MainThread] INFO DataLoader - Loading test set from: D:\CapstoneData\test_dataset\Data_h5\test\drf2_patient497.h5...
2023-10-02 18:49:21,185 [MainThread] INFO DataLoader - Creating test set loaders...
2023-10-02 18:49:22,127 [MainThread] INFO DataLoader - Slice builder config: {'name': 'SliceBuilder', 'patch_shape': [1, 256, 256], 'stride_shape': [1, 256, 256]}
2023-10-02 18:49:23,123 [MainThread] INFO DataLoader - Slice builder config: {'name': 'SliceBuilder', 'patch_shape': [1, 256, 256], 'stride_shape': [1, 256, 256]}
2023-10-02 18:49:23,130 [MainThread] INFO DataLoader - Number of workers for the dataloader: 2
2023-10-02 18:49:23,132 [MainThread] INFO DataLoader - Batch size for dataloader: 1
2023-10-02 18:49:23,132 [MainThread] INFO DataLoader - Loading test set from: D:\CapstoneData\test_dataset\Data_h5\test\drf2_patient497.h5...
2023-10-02 18:52:10,746 [MainThread] INFO DataLoader - Creating test set loaders...
2023-10-02 18:52:11,692 [MainThread] INFO DataLoader - Slice builder config: {'name': 'SliceBuilder', 'patch_shape': [1, 256, 256], 'stride_shape': [1, 256, 256]}
2023-10-02 18:52:12,693 [MainThread] INFO DataLoader - Slice builder config: {'name': 'SliceBuilder', 'patch_shape': [1, 256, 256], 'stride_shape': [1, 256, 256]}
2023-10-02 18:52:12,702 [MainThread] INFO DataLoader - Number of workers for the dataloader: 2
2023-10-02 18:52:12,704 [MainThread] INFO DataLoader - Batch size for dataloader: 1
2023-10-02 18:52:12,704 [MainThread] INFO DataLoader - Loading test set from: D:\CapstoneData\test_dataset\Data_h5\test\drf2_patient497.h5...
2023-10-02 18:55:53,780 [MainThread] INFO DataLoader - Loading test set from: D:\CapstoneData\test_dataset\Data_h5\test\drf2_patient589.h5...
