2023-09-27 12:23:32,967 [MainThread] INFO DataLoader - Creating test set loaders...
2023-09-27 12:23:32,968 [MainThread] INFO DataLoader - Number of workers for the dataloader: 2
2023-09-27 12:23:32,968 [MainThread] INFO DataLoader - Batch size for dataloader: 1
2023-09-27 12:25:04,408 [MainThread] INFO DataLoader - Loading test set from: D:\CapstoneData\test_3d\test...
2023-09-27 12:42:55,069 [MainThread] INFO DataLoader - Creating test set loaders...
2023-09-27 12:42:55,070 [MainThread] INFO DataLoader - Number of workers for the dataloader: 2
2023-09-27 12:42:55,070 [MainThread] INFO DataLoader - Batch size for dataloader: 1
2023-09-27 12:44:44,444 [MainThread] INFO DataLoader - Loading test set from: D:\CapstoneData\test_3d\test...
2023-09-27 14:00:46,742 [MainThread] INFO DataLoader - Creating test set loaders...
2023-09-27 14:00:46,746 [MainThread] INFO DataLoader - Number of workers for the dataloader: 2
2023-09-27 14:00:46,746 [MainThread] INFO DataLoader - Batch size for dataloader: 1
2023-09-27 14:02:09,301 [MainThread] INFO DataLoader - Loading test set from: D:\CapstoneData\test_3d\test...
2023-09-27 14:06:08,976 [MainThread] INFO DataLoader - Creating test set loaders...
2023-09-27 14:06:08,978 [MainThread] INFO DataLoader - Number of workers for the dataloader: 2
2023-09-27 14:06:08,979 [MainThread] INFO DataLoader - Batch size for dataloader: 1
2023-09-27 14:07:37,862 [MainThread] INFO DataLoader - Loading test set from: D:\CapstoneData\test_3d\test...
2023-09-27 15:20:50,424 [MainThread] INFO DataLoader - Creating test set loaders...
2023-09-27 15:20:50,426 [MainThread] INFO DataLoader - Number of workers for the dataloader: 2
2023-09-27 15:20:50,427 [MainThread] INFO DataLoader - Batch size for dataloader: 1
2023-09-27 15:22:17,274 [MainThread] INFO DataLoader - Loading test set from: D:\CapstoneData\test_3d\test...
2023-09-27 15:40:08,882 [MainThread] INFO DataLoader - Creating test set loaders...
2023-09-27 15:40:08,884 [MainThread] INFO DataLoader - Number of workers for the dataloader: 2
2023-09-27 15:40:08,884 [MainThread] INFO DataLoader - Batch size for dataloader: 1
2023-09-27 15:42:55,127 [MainThread] INFO DataLoader - Loading test set from: D:\CapstoneData\test_3d\test...
2023-09-27 15:46:51,340 [MainThread] INFO DataLoader - Creating test set loaders...
2023-09-27 15:46:51,341 [MainThread] INFO DataLoader - Number of workers for the dataloader: 2
2023-09-27 15:46:51,341 [MainThread] INFO DataLoader - Batch size for dataloader: 1
2023-09-27 15:49:20,360 [MainThread] INFO DataLoader - Loading test set from: D:\CapstoneData\test_3d\test...
2023-09-27 15:51:33,096 [MainThread] INFO DataLoader - Creating test set loaders...
2023-09-27 15:51:33,097 [MainThread] INFO DataLoader - Number of workers for the dataloader: 2
2023-09-27 15:51:33,097 [MainThread] INFO DataLoader - Batch size for dataloader: 1
2023-09-27 15:53:18,551 [MainThread] INFO DataLoader - Loading test set from: D:\CapstoneData\test_3d\test...
2023-09-27 15:55:05,788 [MainThread] INFO DataLoader - Creating test set loaders...
2023-09-27 15:55:05,788 [MainThread] INFO DataLoader - Number of workers for the dataloader: 2
2023-09-27 15:55:05,789 [MainThread] INFO DataLoader - Batch size for dataloader: 1
2023-09-27 15:56:50,779 [MainThread] INFO DataLoader - Loading test set from: D:\CapstoneData\test_3d\test...
2023-09-27 16:01:14,575 [MainThread] INFO DataLoader - Creating test set loaders...
2023-09-27 16:01:14,577 [MainThread] INFO DataLoader - Number of workers for the dataloader: 2
2023-09-27 16:01:14,578 [MainThread] INFO DataLoader - Batch size for dataloader: 1
2023-09-27 16:03:54,983 [MainThread] INFO DataLoader - Loading test set from: D:\CapstoneData\test_3d\test...
2023-09-27 16:04:59,206 [MainThread] INFO DataLoader - Creating test set loaders...
2023-09-27 16:04:59,207 [MainThread] INFO DataLoader - Number of workers for the dataloader: 2
2023-09-27 16:04:59,208 [MainThread] INFO DataLoader - Batch size for dataloader: 1
2023-09-27 16:06:52,945 [MainThread] INFO DataLoader - Loading test set from: D:\CapstoneData\test_3d\test...
2023-09-27 16:10:42,419 [MainThread] INFO DataLoader - Creating test set loaders...
2023-09-27 16:10:42,421 [MainThread] INFO DataLoader - Number of workers for the dataloader: 2
2023-09-27 16:10:42,422 [MainThread] INFO DataLoader - Batch size for dataloader: 1
2023-09-27 16:12:41,699 [MainThread] INFO DataLoader - Loading test set from: D:\CapstoneData\test_3d\test...
2023-09-27 16:54:12,029 [MainThread] INFO DataLoader - Creating test set loaders...
2023-09-27 16:54:12,030 [MainThread] INFO DataLoader - Number of workers for the dataloader: 2
2023-09-27 16:54:12,031 [MainThread] INFO DataLoader - Batch size for dataloader: 1
2023-09-27 16:55:56,453 [MainThread] INFO DataLoader - Loading test set from: D:\CapstoneData\test_3d\test...
2023-09-27 16:57:20,432 [MainThread] INFO DataLoader - Creating test set loaders...
2023-09-27 16:57:20,433 [MainThread] INFO DataLoader - Number of workers for the dataloader: 2
2023-09-27 16:57:20,434 [MainThread] INFO DataLoader - Batch size for dataloader: 1
2023-09-27 16:59:10,019 [MainThread] INFO DataLoader - Loading test set from: D:\CapstoneData\test_3d\test...
2023-09-27 17:55:14,398 [MainThread] INFO DataLoader - Creating test set loaders...
2023-09-27 17:55:14,399 [MainThread] INFO DataLoader - Number of workers for the dataloader: 2
2023-09-27 17:55:14,399 [MainThread] INFO DataLoader - Batch size for dataloader: 1
2023-09-27 18:12:57,087 [MainThread] INFO DataLoader - Creating test set loaders...
2023-09-27 18:12:57,087 [MainThread] INFO DataLoader - Number of workers for the dataloader: 2
2023-09-27 18:12:57,088 [MainThread] INFO DataLoader - Batch size for dataloader: 1
2023-09-27 18:56:11,725 [MainThread] INFO DataLoader - Creating test set loaders...
2023-09-27 18:56:11,726 [MainThread] INFO DataLoader - Number of workers for the dataloader: 2
2023-09-27 18:56:11,726 [MainThread] INFO DataLoader - Batch size for dataloader: 1
2023-09-27 18:58:00,985 [MainThread] INFO DataLoader - Loading test set from: D:\CapstoneData\test_3d\test...
2023-09-27 19:16:14,821 [MainThread] INFO DataLoader - Creating test set loaders...
2023-09-27 19:16:14,823 [MainThread] INFO DataLoader - Number of workers for the dataloader: 2
2023-09-27 19:16:14,824 [MainThread] INFO DataLoader - Batch size for dataloader: 1
2023-09-27 19:17:47,161 [MainThread] INFO DataLoader - Loading test set from: D:\CapstoneData\test_3d\test...
2023-09-27 23:25:06,813 [MainThread] INFO DataLoader - Creating test set loaders...
2023-09-27 23:25:06,813 [MainThread] INFO DataLoader - Number of workers for the dataloader: 2
2023-09-27 23:25:06,817 [MainThread] INFO DataLoader - Batch size for dataloader: 1
2023-09-27 23:27:14,933 [MainThread] INFO DataLoader - Loading test set from: D:\CapstoneData\test_3d\test...
2023-09-28 00:36:37,739 [MainThread] INFO DataLoader - Creating test set loaders...
2023-09-28 00:36:37,741 [MainThread] INFO DataLoader - Number of workers for the dataloader: 2
2023-09-28 00:36:37,741 [MainThread] INFO DataLoader - Batch size for dataloader: 1
2023-09-28 00:40:22,046 [MainThread] INFO DataLoader - Loading test set from: D:\CapstoneData\test_3d\test...
2023-09-28 00:55:35,929 [MainThread] INFO DataLoader - Creating test set loaders...
2023-09-28 00:55:35,929 [MainThread] INFO DataLoader - Number of workers for the dataloader: 2
2023-09-28 00:55:35,929 [MainThread] INFO DataLoader - Batch size for dataloader: 1
2023-09-28 01:20:51,069 [MainThread] INFO DataLoader - Creating test set loaders...
2023-09-28 01:20:51,072 [MainThread] INFO DataLoader - Number of workers for the dataloader: 2
2023-09-28 01:20:51,072 [MainThread] INFO DataLoader - Batch size for dataloader: 1
2023-09-28 01:23:41,990 [MainThread] INFO DataLoader - Loading test set from: D:\CapstoneData\test_3d\test...
2023-09-28 02:13:40,927 [MainThread] INFO DataLoader - Creating test set loaders...
2023-09-28 02:13:40,929 [MainThread] INFO DataLoader - Number of workers for the dataloader: 2
2023-09-28 02:13:40,930 [MainThread] INFO DataLoader - Batch size for dataloader: 1
2023-09-28 02:15:20,392 [MainThread] INFO DataLoader - Loading test set from: D:\CapstoneData\test_3d\test...
2023-09-28 02:28:58,521 [MainThread] INFO DataLoader - Creating test set loaders...
2023-09-28 02:28:58,522 [MainThread] INFO DataLoader - Number of workers for the dataloader: 2
2023-09-28 02:28:58,522 [MainThread] INFO DataLoader - Batch size for dataloader: 1
2023-09-28 02:30:32,360 [MainThread] INFO DataLoader - Loading test set from: D:\CapstoneData\test_3d\test...
2023-09-28 02:31:18,537 [MainThread] INFO DataLoader - Creating test set loaders...
2023-09-28 02:31:18,538 [MainThread] INFO DataLoader - Number of workers for the dataloader: 2
2023-09-28 02:31:18,539 [MainThread] INFO DataLoader - Batch size for dataloader: 1
2023-09-28 02:33:21,742 [MainThread] INFO DataLoader - Loading test set from: D:\CapstoneData\test_3d\test...
2023-09-28 02:34:08,228 [MainThread] INFO DataLoader - Creating test set loaders...
2023-09-28 02:34:08,229 [MainThread] INFO DataLoader - Number of workers for the dataloader: 2
2023-09-28 02:34:08,230 [MainThread] INFO DataLoader - Batch size for dataloader: 1
2023-09-28 02:36:14,234 [MainThread] INFO DataLoader - Loading test set from: D:\CapstoneData\test_3d\test...
2023-09-28 02:39:36,228 [MainThread] INFO DataLoader - Creating test set loaders...
2023-09-28 02:39:36,229 [MainThread] INFO DataLoader - Number of workers for the dataloader: 2
2023-09-28 02:39:36,230 [MainThread] INFO DataLoader - Batch size for dataloader: 1
2023-09-28 02:41:30,434 [MainThread] INFO DataLoader - Loading test set from: D:\CapstoneData\test_3d\test...
2023-09-28 02:42:32,048 [MainThread] INFO DataLoader - Creating test set loaders...
2023-09-28 02:42:32,050 [MainThread] INFO DataLoader - Number of workers for the dataloader: 2
2023-09-28 02:42:32,051 [MainThread] INFO DataLoader - Batch size for dataloader: 1
2023-09-28 02:44:11,961 [MainThread] INFO DataLoader - Loading test set from: D:\CapstoneData\test_3d\test...
2023-09-28 02:50:57,591 [MainThread] INFO DataLoader - Creating test set loaders...
2023-09-28 02:50:57,592 [MainThread] INFO DataLoader - Number of workers for the dataloader: 2
2023-09-28 02:50:57,593 [MainThread] INFO DataLoader - Batch size for dataloader: 1
2023-09-28 02:52:19,854 [MainThread] INFO DataLoader - Loading test set from: D:\CapstoneData\test_3d\test...
2023-09-28 02:56:42,286 [MainThread] INFO DataLoader - Creating test set loaders...
2023-09-28 02:56:42,287 [MainThread] INFO DataLoader - Number of workers for the dataloader: 2
2023-09-28 02:56:42,288 [MainThread] INFO DataLoader - Batch size for dataloader: 1
2023-09-28 02:58:20,590 [MainThread] INFO DataLoader - Loading test set from: D:\CapstoneData\test_3d\test...
2023-09-28 03:01:30,627 [MainThread] INFO DataLoader - Creating test set loaders...
2023-09-28 03:01:30,628 [MainThread] INFO DataLoader - Number of workers for the dataloader: 2
2023-09-28 03:01:30,629 [MainThread] INFO DataLoader - Batch size for dataloader: 1
2023-09-28 03:02:50,040 [MainThread] INFO DataLoader - Loading test set from: D:\CapstoneData\test_3d\test...
2023-09-28 03:05:13,838 [MainThread] INFO DataLoader - Creating test set loaders...
2023-09-28 03:05:13,839 [MainThread] INFO DataLoader - Number of workers for the dataloader: 2
2023-09-28 03:05:13,840 [MainThread] INFO DataLoader - Batch size for dataloader: 1
2023-09-28 03:06:34,569 [MainThread] INFO DataLoader - Loading test set from: D:\CapstoneData\test_3d\test...
2023-09-28 03:09:37,087 [MainThread] INFO DataLoader - Creating test set loaders...
2023-09-28 03:09:37,088 [MainThread] INFO DataLoader - Number of workers for the dataloader: 2
2023-09-28 03:09:37,089 [MainThread] INFO DataLoader - Batch size for dataloader: 1
2023-09-28 03:10:54,813 [MainThread] INFO DataLoader - Loading test set from: D:\CapstoneData\test_3d\test...
2023-09-28 03:14:13,786 [MainThread] INFO DataLoader - Creating test set loaders...
2023-09-28 03:14:13,788 [MainThread] INFO DataLoader - Number of workers for the dataloader: 2
2023-09-28 03:14:13,789 [MainThread] INFO DataLoader - Batch size for dataloader: 1
2023-09-28 03:15:31,966 [MainThread] INFO DataLoader - Loading test set from: D:\CapstoneData\test_3d\test...
2023-09-28 03:25:21,817 [MainThread] INFO DataLoader - Creating test set loaders...
2023-09-28 03:25:21,819 [MainThread] INFO DataLoader - Number of workers for the dataloader: 2
2023-09-28 03:25:21,820 [MainThread] INFO DataLoader - Batch size for dataloader: 1
2023-09-28 03:26:40,072 [MainThread] INFO DataLoader - Loading test set from: D:\CapstoneData\test_3d\test...
2023-09-28 03:28:28,990 [MainThread] INFO DataLoader - Creating test set loaders...
2023-09-28 03:28:28,991 [MainThread] INFO DataLoader - Number of workers for the dataloader: 2
2023-09-28 03:28:28,992 [MainThread] INFO DataLoader - Batch size for dataloader: 1
2023-09-28 03:29:48,151 [MainThread] INFO DataLoader - Loading test set from: D:\CapstoneData\test_3d\test...
2023-09-28 03:31:35,359 [MainThread] INFO DataLoader - Creating test set loaders...
2023-09-28 03:31:35,360 [MainThread] INFO DataLoader - Number of workers for the dataloader: 2
2023-09-28 03:31:35,361 [MainThread] INFO DataLoader - Batch size for dataloader: 1
2023-09-28 03:33:07,030 [MainThread] INFO DataLoader - Loading test set from: D:\CapstoneData\test_3d\test...
2023-09-28 03:36:11,989 [MainThread] INFO DataLoader - Creating test set loaders...
2023-09-28 03:36:11,989 [MainThread] INFO DataLoader - Number of workers for the dataloader: 2
2023-09-28 03:36:11,990 [MainThread] INFO DataLoader - Batch size for dataloader: 1
2023-09-28 03:37:31,541 [MainThread] INFO DataLoader - Loading test set from: D:\CapstoneData\test_3d\test...
2023-09-28 03:40:13,455 [MainThread] INFO DataLoader - Creating test set loaders...
2023-09-28 03:40:13,456 [MainThread] INFO DataLoader - Number of workers for the dataloader: 2
2023-09-28 03:40:13,456 [MainThread] INFO DataLoader - Batch size for dataloader: 1
2023-09-28 03:41:31,707 [MainThread] INFO DataLoader - Loading test set from: D:\CapstoneData\test_3d\test...
2023-09-28 03:45:13,249 [MainThread] INFO DataLoader - Creating test set loaders...
2023-09-28 03:45:13,251 [MainThread] INFO DataLoader - Number of workers for the dataloader: 2
2023-09-28 03:45:13,252 [MainThread] INFO DataLoader - Batch size for dataloader: 1
2023-09-28 03:48:46,867 [MainThread] INFO DataLoader - Loading test set from: D:\CapstoneData\test_3d\test...
2023-09-28 03:57:55,337 [MainThread] INFO DataLoader - Creating test set loaders...
2023-09-28 03:57:55,338 [MainThread] INFO DataLoader - Number of workers for the dataloader: 2
2023-09-28 03:57:55,339 [MainThread] INFO DataLoader - Batch size for dataloader: 1
2023-09-28 03:59:14,538 [MainThread] INFO DataLoader - Loading test set from: D:\CapstoneData\test_3d\test...
2023-09-28 03:59:50,773 [MainThread] INFO DataLoader - Creating test set loaders...
2023-09-28 03:59:50,774 [MainThread] INFO DataLoader - Number of workers for the dataloader: 2
2023-09-28 03:59:50,775 [MainThread] INFO DataLoader - Batch size for dataloader: 1
2023-09-28 04:01:08,750 [MainThread] INFO DataLoader - Loading test set from: D:\CapstoneData\test_3d\test...
2023-09-28 04:11:07,872 [MainThread] INFO DataLoader - Creating test set loaders...
2023-09-28 04:11:07,873 [MainThread] INFO DataLoader - Number of workers for the dataloader: 2
2023-09-28 04:11:07,873 [MainThread] INFO DataLoader - Batch size for dataloader: 1
2023-09-28 04:12:39,417 [MainThread] INFO DataLoader - Loading test set from: D:\CapstoneData\test_3d\test...
2023-09-28 04:20:13,656 [MainThread] INFO DataLoader - Creating test set loaders...
2023-09-28 04:20:13,657 [MainThread] INFO DataLoader - Number of workers for the dataloader: 2
2023-09-28 04:20:13,657 [MainThread] INFO DataLoader - Batch size for dataloader: 1
2023-09-28 04:21:32,663 [MainThread] INFO DataLoader - Loading test set from: D:\CapstoneData\test_3d\test...
2023-09-28 04:22:17,614 [MainThread] INFO DataLoader - Creating test set loaders...
2023-09-28 04:22:17,615 [MainThread] INFO DataLoader - Number of workers for the dataloader: 2
2023-09-28 04:22:17,616 [MainThread] INFO DataLoader - Batch size for dataloader: 1
2023-09-28 04:23:37,208 [MainThread] INFO DataLoader - Loading test set from: D:\CapstoneData\test_3d\test...
2023-09-28 04:25:51,124 [MainThread] INFO DataLoader - Creating test set loaders...
2023-09-28 04:25:51,125 [MainThread] INFO DataLoader - Number of workers for the dataloader: 2
2023-09-28 04:25:51,125 [MainThread] INFO DataLoader - Batch size for dataloader: 1
2023-09-28 04:27:34,325 [MainThread] INFO DataLoader - Loading test set from: D:\CapstoneData\test_3d\test...
2023-09-28 04:29:02,424 [MainThread] INFO DataLoader - Creating test set loaders...
2023-09-28 04:29:02,425 [MainThread] INFO DataLoader - Number of workers for the dataloader: 2
2023-09-28 04:29:02,425 [MainThread] INFO DataLoader - Batch size for dataloader: 1
2023-09-28 04:31:36,254 [MainThread] INFO DataLoader - Loading test set from: D:\CapstoneData\test_3d\test...
2023-09-28 04:40:00,439 [MainThread] INFO DataLoader - Creating test set loaders...
2023-09-28 04:40:00,440 [MainThread] INFO DataLoader - Number of workers for the dataloader: 2
2023-09-28 04:40:00,441 [MainThread] INFO DataLoader - Batch size for dataloader: 1
2023-09-28 04:42:20,752 [MainThread] INFO DataLoader - Loading test set from: D:\CapstoneData\test_3d\test...
2023-09-28 04:50:16,172 [MainThread] INFO DataLoader - Creating test set loaders...
2023-09-28 04:50:16,173 [MainThread] INFO DataLoader - Number of workers for the dataloader: 2
2023-09-28 04:50:16,174 [MainThread] INFO DataLoader - Batch size for dataloader: 1
2023-09-28 04:55:07,372 [MainThread] INFO DataLoader - Creating test set loaders...
2023-09-28 04:55:07,373 [MainThread] INFO DataLoader - Number of workers for the dataloader: 2
2023-09-28 04:55:07,374 [MainThread] INFO DataLoader - Batch size for dataloader: 1
2023-09-28 04:56:50,437 [MainThread] INFO DataLoader - Loading test set from: D:\CapstoneData\test_3d\test...
2023-09-28 05:01:42,695 [MainThread] INFO DataLoader - Creating test set loaders...
2023-09-28 05:01:42,696 [MainThread] INFO DataLoader - Number of workers for the dataloader: 2
2023-09-28 05:01:42,697 [MainThread] INFO DataLoader - Batch size for dataloader: 1
2023-09-28 05:03:05,990 [MainThread] INFO DataLoader - Loading test set from: D:\CapstoneData\test_3d\test...
2023-09-28 05:04:02,087 [MainThread] INFO DataLoader - Creating test set loaders...
2023-09-28 05:04:02,088 [MainThread] INFO DataLoader - Number of workers for the dataloader: 2
2023-09-28 05:04:02,089 [MainThread] INFO DataLoader - Batch size for dataloader: 1
2023-09-28 05:05:50,503 [MainThread] INFO DataLoader - Loading test set from: D:\CapstoneData\test_3d\test...
2023-09-28 05:08:16,082 [MainThread] INFO DataLoader - Creating test set loaders...
2023-09-28 05:08:16,083 [MainThread] INFO DataLoader - Number of workers for the dataloader: 2
2023-09-28 05:08:16,084 [MainThread] INFO DataLoader - Batch size for dataloader: 1
2023-09-28 05:09:38,151 [MainThread] INFO DataLoader - Loading test set from: D:\CapstoneData\test_3d\test...
2023-09-28 05:10:38,206 [MainThread] INFO DataLoader - Creating test set loaders...
2023-09-28 05:10:38,207 [MainThread] INFO DataLoader - Number of workers for the dataloader: 2
2023-09-28 05:10:38,207 [MainThread] INFO DataLoader - Batch size for dataloader: 1
2023-09-28 05:12:12,830 [MainThread] INFO DataLoader - Loading test set from: D:\CapstoneData\test_3d\test...
2023-09-28 05:12:58,239 [MainThread] INFO DataLoader - Creating test set loaders...
2023-09-28 05:12:58,241 [MainThread] INFO DataLoader - Number of workers for the dataloader: 2
2023-09-28 05:12:58,241 [MainThread] INFO DataLoader - Batch size for dataloader: 1
2023-09-28 05:14:43,984 [MainThread] INFO DataLoader - Loading test set from: D:\CapstoneData\test_3d\test...
2023-09-28 05:16:51,268 [MainThread] INFO DataLoader - Creating test set loaders...
2023-09-28 05:16:51,273 [MainThread] INFO DataLoader - Number of workers for the dataloader: 2
2023-09-28 05:16:51,276 [MainThread] INFO DataLoader - Batch size for dataloader: 1
2023-09-28 05:19:43,253 [MainThread] INFO DataLoader - Loading test set from: D:\CapstoneData\test_3d\test...
2023-09-28 05:23:00,358 [MainThread] INFO DataLoader - Creating test set loaders...
2023-09-28 05:23:00,359 [MainThread] INFO DataLoader - Number of workers for the dataloader: 2
2023-09-28 05:23:00,360 [MainThread] INFO DataLoader - Batch size for dataloader: 1
2023-09-28 05:25:49,445 [MainThread] INFO DataLoader - Loading test set from: D:\CapstoneData\test_3d\test...
2023-09-28 14:25:26,376 [MainThread] INFO DataLoader - Creating test set loaders...
2023-10-01 13:14:07,370 [MainThread] INFO DataLoader - Creating test set loaders...
2023-10-01 13:37:05,633 [MainThread] INFO DataLoader - Creating test set loaders...
2023-10-01 13:37:05,636 [MainThread] INFO DataLoader - Number of workers for the dataloader: 2
2023-10-01 13:37:05,637 [MainThread] INFO DataLoader - Batch size for dataloader: 1
2023-10-01 13:40:25,428 [MainThread] INFO DataLoader - Loading test set from: D:\CapstoneData\test_3d\test...
2023-10-01 13:47:06,883 [MainThread] INFO DataLoader - Creating test set loaders...
2023-10-01 13:47:06,884 [MainThread] INFO DataLoader - Number of workers for the dataloader: 2
2023-10-01 13:47:06,885 [MainThread] INFO DataLoader - Batch size for dataloader: 1
2023-10-01 13:49:41,898 [MainThread] INFO DataLoader - Loading test set from: D:\CapstoneData\test_3d\test...
2023-10-01 14:03:58,278 [MainThread] INFO DataLoader - Creating test set loaders...
2023-10-01 14:03:58,279 [MainThread] INFO DataLoader - Number of workers for the dataloader: 2
2023-10-01 14:03:58,279 [MainThread] INFO DataLoader - Batch size for dataloader: 1
2023-10-01 14:06:29,037 [MainThread] INFO DataLoader - Loading test set from: D:\CapstoneData\test_3d\test...
2023-10-01 14:10:47,167 [MainThread] INFO DataLoader - Creating test set loaders...
2023-10-01 14:10:47,170 [MainThread] INFO DataLoader - Number of workers for the dataloader: 2
2023-10-01 14:10:47,171 [MainThread] INFO DataLoader - Batch size for dataloader: 1
2023-10-01 14:14:14,093 [MainThread] INFO DataLoader - Loading test set from: D:\CapstoneData\test_3d\test...
2023-10-01 14:17:16,947 [MainThread] INFO DataLoader - Creating test set loaders...
2023-10-01 14:17:16,949 [MainThread] INFO DataLoader - Number of workers for the dataloader: 2
2023-10-01 14:17:16,950 [MainThread] INFO DataLoader - Batch size for dataloader: 1
2023-10-01 14:20:21,924 [MainThread] INFO DataLoader - Loading test set from: D:\CapstoneData\test_3d\test...
2023-10-01 14:24:11,572 [MainThread] INFO DataLoader - Creating test set loaders...
2023-10-01 14:24:11,573 [MainThread] INFO DataLoader - Number of workers for the dataloader: 2
2023-10-01 14:24:11,574 [MainThread] INFO DataLoader - Batch size for dataloader: 1
2023-10-01 14:27:09,623 [MainThread] INFO DataLoader - Loading test set from: D:\CapstoneData\test_3d\test...
2023-10-01 14:37:22,226 [MainThread] INFO DataLoader - Creating test set loaders...
2023-10-01 14:38:12,513 [MainThread] INFO DataLoader - Creating test set loaders...
2023-10-01 14:43:19,082 [MainThread] INFO DataLoader - Creating test set loaders...
2023-10-01 14:43:19,084 [MainThread] INFO DataLoader - Number of workers for the dataloader: 2
2023-10-01 14:43:19,085 [MainThread] INFO DataLoader - Batch size for dataloader: 1
2023-10-01 14:43:19,086 [MainThread] INFO DataLoader - Loading test set from: D:\CapstoneData\test_3d\test...
2023-10-01 14:54:28,871 [MainThread] INFO DataLoader - Creating test set loaders...
2023-10-01 14:54:28,872 [MainThread] INFO DataLoader - Number of workers for the dataloader: 2
2023-10-01 14:54:28,873 [MainThread] INFO DataLoader - Batch size for dataloader: 1
2023-10-01 14:54:28,873 [MainThread] INFO DataLoader - Loading test set from: D:\CapstoneData\test_3d\test...
2023-10-01 14:56:57,072 [MainThread] INFO DataLoader - Creating test set loaders...
2023-10-01 14:56:57,074 [MainThread] INFO DataLoader - Number of workers for the dataloader: 2
2023-10-01 14:56:57,075 [MainThread] INFO DataLoader - Batch size for dataloader: 1
2023-10-01 14:56:57,075 [MainThread] INFO DataLoader - Loading test set from: D:\CapstoneData\test_3d\test...
2023-10-01 15:18:00,797 [MainThread] INFO DataLoader - Creating test set loaders...
2023-10-01 15:18:00,801 [MainThread] INFO DataLoader - Number of workers for the dataloader: 2
2023-10-01 15:18:00,802 [MainThread] INFO DataLoader - Batch size for dataloader: 1
2023-10-01 15:18:00,804 [MainThread] INFO DataLoader - Loading test set from: D:\CapstoneData\test_3d\test...
2023-10-01 15:58:55,220 [MainThread] INFO DataLoader - Creating test set loaders...
2023-10-01 15:58:55,221 [MainThread] INFO DataLoader - Number of workers for the dataloader: 2
2023-10-01 15:58:55,222 [MainThread] INFO DataLoader - Batch size for dataloader: 1
2023-10-01 15:58:55,222 [MainThread] INFO DataLoader - Loading test set from: D:\CapstoneData\test_3d\test...
2023-10-01 16:09:28,239 [MainThread] INFO DataLoader - Creating test set loaders...
2023-10-01 16:09:28,240 [MainThread] INFO DataLoader - Number of workers for the dataloader: 2
2023-10-01 16:09:28,241 [MainThread] INFO DataLoader - Batch size for dataloader: 1
2023-10-01 16:09:28,241 [MainThread] INFO DataLoader - Loading test set from: D:\CapstoneData\test_3d\test...
2023-10-01 16:15:45,472 [MainThread] INFO DataLoader - Creating test set loaders...
2023-10-01 16:15:45,473 [MainThread] INFO DataLoader - Number of workers for the dataloader: 2
2023-10-01 16:15:45,474 [MainThread] INFO DataLoader - Batch size for dataloader: 1
2023-10-01 16:15:45,478 [MainThread] INFO DataLoader - Loading test set from: D:\CapstoneData\test_3d\test...
2023-10-01 23:28:16,705 [MainThread] INFO DataLoader - Creating test set loaders...
2023-10-01 23:30:43,638 [MainThread] INFO DataLoader - Creating test set loaders...
2023-10-01 23:30:43,640 [MainThread] INFO DataLoader - Number of workers for the dataloader: 2
2023-10-01 23:30:43,644 [MainThread] INFO DataLoader - Batch size for dataloader: 1
2023-10-01 23:31:44,493 [MainThread] INFO DataLoader - Creating test set loaders...
2023-10-01 23:31:44,497 [MainThread] INFO DataLoader - Number of workers for the dataloader: 2
2023-10-01 23:31:44,497 [MainThread] INFO DataLoader - Batch size for dataloader: 1
2023-10-01 23:36:23,428 [MainThread] INFO DataLoader - Creating test set loaders...
2023-10-01 23:36:23,431 [MainThread] INFO DataLoader - Number of workers for the dataloader: 2
2023-10-01 23:36:23,431 [MainThread] INFO DataLoader - Batch size for dataloader: 1
2023-10-01 23:38:29,752 [MainThread] INFO DataLoader - Creating test set loaders...
2023-10-01 23:38:29,756 [MainThread] INFO DataLoader - Number of workers for the dataloader: 2
2023-10-01 23:38:29,756 [MainThread] INFO DataLoader - Batch size for dataloader: 1
2023-10-01 23:43:20,279 [MainThread] INFO DataLoader - Creating test set loaders...
2023-10-01 23:43:20,284 [MainThread] INFO DataLoader - Number of workers for the dataloader: 2
2023-10-01 23:43:20,284 [MainThread] INFO DataLoader - Batch size for dataloader: 1
2023-10-01 23:45:21,594 [MainThread] INFO DataLoader - Creating test set loaders...
2023-10-01 23:45:21,598 [MainThread] INFO DataLoader - Number of workers for the dataloader: 2
2023-10-01 23:45:21,598 [MainThread] INFO DataLoader - Batch size for dataloader: 1
2023-10-01 23:46:04,371 [MainThread] INFO DataLoader - Creating test set loaders...
2023-10-01 23:46:04,372 [MainThread] INFO DataLoader - Number of workers for the dataloader: 2
2023-10-01 23:46:04,375 [MainThread] INFO DataLoader - Batch size for dataloader: 1
2023-10-01 23:47:02,423 [MainThread] INFO DataLoader - Creating test set loaders...
2023-10-01 23:47:02,428 [MainThread] INFO DataLoader - Number of workers for the dataloader: 2
2023-10-01 23:47:02,428 [MainThread] INFO DataLoader - Batch size for dataloader: 1
2023-10-01 23:48:16,655 [MainThread] INFO DataLoader - Creating test set loaders...
2023-10-01 23:48:16,659 [MainThread] INFO DataLoader - Number of workers for the dataloader: 2
2023-10-01 23:48:16,659 [MainThread] INFO DataLoader - Batch size for dataloader: 1
2023-10-01 23:50:05,092 [MainThread] INFO DataLoader - Creating test set loaders...
2023-10-01 23:50:05,096 [MainThread] INFO DataLoader - Number of workers for the dataloader: 2
2023-10-01 23:50:05,096 [MainThread] INFO DataLoader - Batch size for dataloader: 1
2023-10-01 23:50:50,417 [MainThread] INFO DataLoader - Creating test set loaders...
2023-10-01 23:50:50,425 [MainThread] INFO DataLoader - Number of workers for the dataloader: 2
2023-10-01 23:50:50,425 [MainThread] INFO DataLoader - Batch size for dataloader: 1
2023-10-01 23:54:59,365 [MainThread] INFO DataLoader - Creating test set loaders...
2023-10-01 23:54:59,373 [MainThread] INFO DataLoader - Number of workers for the dataloader: 2
2023-10-01 23:54:59,373 [MainThread] INFO DataLoader - Batch size for dataloader: 1
2023-10-01 23:56:32,574 [MainThread] INFO DataLoader - Creating test set loaders...
2023-10-01 23:56:32,582 [MainThread] INFO DataLoader - Number of workers for the dataloader: 2
2023-10-01 23:56:32,583 [MainThread] INFO DataLoader - Batch size for dataloader: 1
2023-10-01 23:57:28,919 [MainThread] INFO DataLoader - Creating test set loaders...
2023-10-01 23:57:28,939 [MainThread] INFO DataLoader - Number of workers for the dataloader: 2
2023-10-01 23:57:28,939 [MainThread] INFO DataLoader - Batch size for dataloader: 1
2023-10-02 12:12:41,167 [MainThread] INFO DataLoader - Creating test set loaders...
2023-10-02 12:12:41,229 [MainThread] INFO DataLoader - Number of workers for the dataloader: 2
2023-10-02 12:12:41,231 [MainThread] INFO DataLoader - Batch size for dataloader: 1
2023-10-02 12:14:07,191 [MainThread] INFO DataLoader - Creating test set loaders...
2023-10-02 12:14:07,211 [MainThread] INFO DataLoader - Number of workers for the dataloader: 2
2023-10-02 12:14:07,212 [MainThread] INFO DataLoader - Batch size for dataloader: 1
2023-10-02 12:16:59,665 [MainThread] INFO DataLoader - Creating test set loaders...
2023-10-02 12:16:59,693 [MainThread] INFO DataLoader - Number of workers for the dataloader: 2
2023-10-02 12:16:59,693 [MainThread] INFO DataLoader - Batch size for dataloader: 1
2023-10-02 12:19:49,401 [MainThread] INFO DataLoader - Creating test set loaders...
2023-10-02 12:19:49,419 [MainThread] INFO DataLoader - Number of workers for the dataloader: 2
2023-10-02 12:19:49,420 [MainThread] INFO DataLoader - Batch size for dataloader: 1
2023-10-02 12:25:29,938 [MainThread] INFO DataLoader - Creating test set loaders...
2023-10-02 12:25:30,016 [MainThread] INFO DataLoader - Number of workers for the dataloader: 2
2023-10-02 12:25:30,017 [MainThread] INFO DataLoader - Batch size for dataloader: 1
2023-10-02 12:26:40,714 [MainThread] INFO DataLoader - Creating test set loaders...
2023-10-02 12:26:40,756 [MainThread] INFO DataLoader - Number of workers for the dataloader: 2
2023-10-02 12:26:40,757 [MainThread] INFO DataLoader - Batch size for dataloader: 1
2023-10-02 12:27:31,830 [MainThread] INFO DataLoader - Creating test set loaders...
2023-10-02 12:27:31,858 [MainThread] INFO DataLoader - Number of workers for the dataloader: 2
2023-10-02 12:27:31,859 [MainThread] INFO DataLoader - Batch size for dataloader: 1
2023-10-02 12:39:28,698 [MainThread] INFO DataLoader - Creating test set loaders...
2023-10-02 12:39:28,733 [MainThread] INFO DataLoader - Number of workers for the dataloader: 2
2023-10-02 12:39:28,734 [MainThread] INFO DataLoader - Batch size for dataloader: 1
2023-10-02 12:42:10,747 [MainThread] INFO DataLoader - Creating test set loaders...
2023-10-02 12:42:10,775 [MainThread] INFO DataLoader - Number of workers for the dataloader: 2
2023-10-02 12:42:10,775 [MainThread] INFO DataLoader - Batch size for dataloader: 1
2023-10-02 12:42:41,664 [MainThread] INFO DataLoader - Creating test set loaders...
2023-10-02 12:42:41,693 [MainThread] INFO DataLoader - Number of workers for the dataloader: 2
2023-10-02 12:42:41,694 [MainThread] INFO DataLoader - Batch size for dataloader: 1
2023-10-02 12:43:35,615 [MainThread] INFO DataLoader - Creating test set loaders...
2023-10-02 12:43:35,640 [MainThread] INFO DataLoader - Number of workers for the dataloader: 2
2023-10-02 12:43:35,640 [MainThread] INFO DataLoader - Batch size for dataloader: 1
2023-10-02 12:45:55,830 [MainThread] INFO DataLoader - Creating test set loaders...
2023-10-02 12:45:57,776 [MainThread] INFO DataLoader - Number of workers for the dataloader: 2
2023-10-02 12:45:57,777 [MainThread] INFO DataLoader - Batch size for dataloader: 1
2023-10-02 12:49:38,829 [MainThread] INFO DataLoader - Creating test set loaders...
2023-10-02 12:49:41,456 [MainThread] INFO DataLoader - Number of workers for the dataloader: 2
2023-10-02 12:49:41,458 [MainThread] INFO DataLoader - Batch size for dataloader: 1
2023-10-02 12:52:05,068 [MainThread] INFO DataLoader - Creating test set loaders...
2023-10-02 12:52:07,551 [MainThread] INFO DataLoader - Number of workers for the dataloader: 2
2023-10-02 12:52:07,552 [MainThread] INFO DataLoader - Batch size for dataloader: 1
2023-10-02 12:53:34,715 [MainThread] INFO DataLoader - Creating test set loaders...
2023-10-02 12:53:35,741 [MainThread] INFO DataLoader - Slice builder config: {'name': 'SliceBuilder', 'patch_shape': [32, 256, 256], 'stride_shape': [8, 56, 56]}
2023-10-02 12:53:36,452 [MainThread] INFO DataLoader - Slice builder config: {'name': 'SliceBuilder', 'patch_shape': [32, 256, 256], 'stride_shape': [8, 56, 56]}
2023-10-02 12:53:36,472 [MainThread] INFO DataLoader - Number of workers for the dataloader: 2
2023-10-02 12:53:36,473 [MainThread] INFO DataLoader - Batch size for dataloader: 1
2023-10-02 13:09:18,003 [MainThread] INFO DataLoader - Creating test set loaders...
2023-10-02 13:09:19,594 [MainThread] INFO DataLoader - Slice builder config: {'name': 'SliceBuilder', 'patch_shape': [32, 256, 256], 'stride_shape': [8, 56, 56]}
2023-10-02 13:09:21,082 [MainThread] INFO DataLoader - Slice builder config: {'name': 'SliceBuilder', 'patch_shape': [32, 256, 256], 'stride_shape': [8, 56, 56]}
2023-10-02 13:09:21,150 [MainThread] INFO DataLoader - Number of workers for the dataloader: 2
2023-10-02 13:09:21,151 [MainThread] INFO DataLoader - Batch size for dataloader: 1
2023-10-02 13:11:47,466 [MainThread] INFO DataLoader - Creating test set loaders...
2023-10-02 13:11:48,611 [MainThread] INFO DataLoader - Slice builder config: {'name': 'SliceBuilder', 'patch_shape': [32, 256, 256], 'stride_shape': [8, 56, 56]}
2023-10-02 13:11:49,772 [MainThread] INFO DataLoader - Slice builder config: {'name': 'SliceBuilder', 'patch_shape': [32, 256, 256], 'stride_shape': [8, 56, 56]}
2023-10-02 13:11:49,812 [MainThread] INFO DataLoader - Number of workers for the dataloader: 2
2023-10-02 13:11:49,813 [MainThread] INFO DataLoader - Batch size for dataloader: 1
2023-10-02 13:16:11,278 [MainThread] INFO DataLoader - Creating test set loaders...
2023-10-02 13:16:12,219 [MainThread] INFO DataLoader - Slice builder config: {'name': 'SliceBuilder', 'patch_shape': [32, 256, 256], 'stride_shape': [8, 56, 56]}
2023-10-02 13:16:13,556 [MainThread] INFO DataLoader - Slice builder config: {'name': 'SliceBuilder', 'patch_shape': [32, 256, 256], 'stride_shape': [8, 56, 56]}
2023-10-02 13:16:13,566 [MainThread] INFO DataLoader - Number of workers for the dataloader: 2
2023-10-02 13:16:13,566 [MainThread] INFO DataLoader - Batch size for dataloader: 1
2023-10-02 13:16:13,567 [MainThread] INFO DataLoader - Loading test set from: D:/CapstoneData/test_3d/test\drf2_patient438.h5...
2023-10-02 13:19:03,988 [MainThread] INFO DataLoader - Creating test set loaders...
2023-10-02 13:19:05,242 [MainThread] INFO DataLoader - Slice builder config: {'name': 'SliceBuilder', 'patch_shape': [32, 256, 256], 'stride_shape': [8, 56, 56]}
2023-10-02 13:19:06,380 [MainThread] INFO DataLoader - Slice builder config: {'name': 'SliceBuilder', 'patch_shape': [32, 256, 256], 'stride_shape': [8, 56, 56]}
2023-10-02 13:19:06,432 [MainThread] INFO DataLoader - Number of workers for the dataloader: 2
2023-10-02 13:19:06,433 [MainThread] INFO DataLoader - Batch size for dataloader: 1
2023-10-02 13:20:17,701 [MainThread] INFO DataLoader - Creating test set loaders...
2023-10-02 13:20:18,987 [MainThread] INFO DataLoader - Slice builder config: {'name': 'SliceBuilder', 'patch_shape': [32, 256, 256], 'stride_shape': [8, 56, 56]}
2023-10-02 13:20:20,203 [MainThread] INFO DataLoader - Slice builder config: {'name': 'SliceBuilder', 'patch_shape': [32, 256, 256], 'stride_shape': [8, 56, 56]}
2023-10-02 13:20:20,239 [MainThread] INFO DataLoader - Number of workers for the dataloader: 2
2023-10-02 13:20:20,240 [MainThread] INFO DataLoader - Batch size for dataloader: 1
2023-10-02 13:21:39,728 [MainThread] INFO DataLoader - Creating test set loaders...
2023-10-02 13:21:40,973 [MainThread] INFO DataLoader - Slice builder config: {'name': 'SliceBuilder', 'patch_shape': [32, 256, 256], 'stride_shape': [8, 56, 56]}
2023-10-02 13:21:42,265 [MainThread] INFO DataLoader - Slice builder config: {'name': 'SliceBuilder', 'patch_shape': [32, 256, 256], 'stride_shape': [8, 56, 56]}
2023-10-02 13:21:42,342 [MainThread] INFO DataLoader - Number of workers for the dataloader: 2
2023-10-02 13:21:42,343 [MainThread] INFO DataLoader - Batch size for dataloader: 1
2023-10-02 13:31:41,675 [MainThread] INFO DataLoader - Creating test set loaders...
2023-10-02 13:31:43,070 [MainThread] INFO DataLoader - Slice builder config: {'name': 'SliceBuilder', 'patch_shape': [32, 256, 256], 'stride_shape': [8, 56, 56]}
2023-10-02 13:31:44,417 [MainThread] INFO DataLoader - Slice builder config: {'name': 'SliceBuilder', 'patch_shape': [32, 256, 256], 'stride_shape': [8, 56, 56]}
2023-10-02 13:31:44,465 [MainThread] INFO DataLoader - Number of workers for the dataloader: 2
2023-10-02 13:31:44,467 [MainThread] INFO DataLoader - Batch size for dataloader: 1
2023-10-02 13:34:31,036 [MainThread] INFO DataLoader - Creating test set loaders...
2023-10-02 13:34:32,394 [MainThread] INFO DataLoader - Slice builder config: {'name': 'SliceBuilder', 'patch_shape': [32, 256, 256], 'stride_shape': [8, 56, 56]}
2023-10-02 13:34:36,951 [MainThread] INFO DataLoader - Slice builder config: {'name': 'SliceBuilder', 'patch_shape': [32, 256, 256], 'stride_shape': [8, 56, 56]}
2023-10-02 13:34:41,449 [MainThread] INFO DataLoader - Number of workers for the dataloader: 2
2023-10-02 13:34:41,450 [MainThread] INFO DataLoader - Batch size for dataloader: 1
2023-10-02 13:38:37,732 [MainThread] INFO DataLoader - Creating test set loaders...
2023-10-02 13:38:39,030 [MainThread] INFO DataLoader - Slice builder config: {'name': 'SliceBuilder', 'patch_shape': [32, 256, 256], 'stride_shape': [20, 256, 256]}
2023-10-02 13:38:40,659 [MainThread] INFO DataLoader - Slice builder config: {'name': 'SliceBuilder', 'patch_shape': [32, 256, 256], 'stride_shape': [20, 256, 256]}
2023-10-02 13:38:40,731 [MainThread] INFO DataLoader - Number of workers for the dataloader: 2
2023-10-02 13:38:40,731 [MainThread] INFO DataLoader - Batch size for dataloader: 1
2023-10-02 13:40:50,126 [MainThread] INFO DataLoader - Creating test set loaders...
2023-10-02 13:40:51,933 [MainThread] INFO DataLoader - Slice builder config: {'name': 'SliceBuilder', 'patch_shape': [32, 256, 256], 'stride_shape': [20, 256, 256]}
2023-10-02 13:40:53,854 [MainThread] INFO DataLoader - Slice builder config: {'name': 'SliceBuilder', 'patch_shape': [32, 256, 256], 'stride_shape': [20, 256, 256]}
2023-10-02 13:40:53,861 [MainThread] INFO DataLoader - Number of workers for the dataloader: 2
2023-10-02 13:40:53,864 [MainThread] INFO DataLoader - Batch size for dataloader: 1
2023-10-02 13:40:53,866 [MainThread] INFO DataLoader - Loading test set from: D:/CapstoneData/test_3d/test\drf2_patient438.h5...
2023-10-02 13:41:59,921 [MainThread] INFO DataLoader - Creating test set loaders...
2023-10-02 13:42:01,374 [MainThread] INFO DataLoader - Slice builder config: {'name': 'SliceBuilder', 'patch_shape': [32, 256, 256], 'stride_shape': [20, 256, 256]}
2023-10-02 13:42:03,069 [MainThread] INFO DataLoader - Slice builder config: {'name': 'SliceBuilder', 'patch_shape': [32, 256, 256], 'stride_shape': [20, 256, 256]}
2023-10-02 13:42:03,076 [MainThread] INFO DataLoader - Number of workers for the dataloader: 2
2023-10-02 13:42:03,077 [MainThread] INFO DataLoader - Batch size for dataloader: 1
2023-10-02 13:42:03,078 [MainThread] INFO DataLoader - Loading test set from: D:/CapstoneData/test_3d/test\drf2_patient438.h5...
2023-10-02 13:43:57,232 [MainThread] INFO DataLoader - Creating test set loaders...
2023-10-02 13:43:58,933 [MainThread] INFO DataLoader - Slice builder config: {'name': 'SliceBuilder', 'patch_shape': [32, 256, 256], 'stride_shape': [20, 256, 256]}
2023-10-02 13:44:01,131 [MainThread] INFO DataLoader - Slice builder config: {'name': 'SliceBuilder', 'patch_shape': [32, 256, 256], 'stride_shape': [20, 256, 256]}
2023-10-02 13:44:01,141 [MainThread] INFO DataLoader - Number of workers for the dataloader: 2
2023-10-02 13:44:01,142 [MainThread] INFO DataLoader - Batch size for dataloader: 1
2023-10-02 13:44:01,143 [MainThread] INFO DataLoader - Loading test set from: D:/CapstoneData/test_3d/test\drf2_patient438.h5...
2023-10-02 13:45:46,375 [MainThread] INFO DataLoader - Creating test set loaders...
2023-10-02 13:45:47,844 [MainThread] INFO DataLoader - Slice builder config: {'name': 'SliceBuilder', 'patch_shape': [32, 256, 256], 'stride_shape': [20, 256, 256]}
2023-10-02 13:45:49,480 [MainThread] INFO DataLoader - Slice builder config: {'name': 'SliceBuilder', 'patch_shape': [32, 256, 256], 'stride_shape': [20, 256, 256]}
2023-10-02 13:45:49,485 [MainThread] INFO DataLoader - Number of workers for the dataloader: 2
2023-10-02 13:45:49,486 [MainThread] INFO DataLoader - Batch size for dataloader: 1
2023-10-02 13:45:49,489 [MainThread] INFO DataLoader - Loading test set from: D:/CapstoneData/test_3d/test\drf2_patient438.h5...
2023-10-02 13:47:11,499 [MainThread] INFO DataLoader - Creating test set loaders...
2023-10-02 13:47:12,666 [MainThread] INFO DataLoader - Slice builder config: {'name': 'SliceBuilder', 'patch_shape': [32, 256, 256], 'stride_shape': [20, 256, 256]}
2023-10-02 13:47:14,064 [MainThread] INFO DataLoader - Slice builder config: {'name': 'SliceBuilder', 'patch_shape': [32, 256, 256], 'stride_shape': [20, 256, 256]}
2023-10-02 13:47:14,067 [MainThread] INFO DataLoader - Number of workers for the dataloader: 2
2023-10-02 13:47:14,069 [MainThread] INFO DataLoader - Batch size for dataloader: 1
2023-10-02 13:47:14,070 [MainThread] INFO DataLoader - Loading test set from: D:/CapstoneData/test_3d/test\drf2_patient438.h5...
2023-10-02 13:48:13,298 [MainThread] INFO DataLoader - Creating test set loaders...
2023-10-02 13:48:15,163 [MainThread] INFO DataLoader - Slice builder config: {'name': 'SliceBuilder', 'patch_shape': [32, 256, 256], 'stride_shape': [20, 256, 256]}
2023-10-02 13:48:17,497 [MainThread] INFO DataLoader - Slice builder config: {'name': 'SliceBuilder', 'patch_shape': [32, 256, 256], 'stride_shape': [20, 256, 256]}
2023-10-02 13:48:17,499 [MainThread] INFO DataLoader - Number of workers for the dataloader: 2
2023-10-02 13:48:17,500 [MainThread] INFO DataLoader - Batch size for dataloader: 1
2023-10-02 13:48:17,501 [MainThread] INFO DataLoader - Loading test set from: D:/CapstoneData/test_3d/test\drf2_patient438.h5...
2023-10-02 14:08:38,244 [MainThread] INFO DataLoader - Creating test set loaders...
2023-10-02 14:08:40,166 [MainThread] INFO DataLoader - Number of workers for the dataloader: 2
2023-10-02 14:08:40,167 [MainThread] INFO DataLoader - Batch size for dataloader: 1
2023-10-02 14:10:35,563 [MainThread] INFO DataLoader - Creating test set loaders...
2023-10-02 14:10:36,716 [MainThread] INFO DataLoader - Slice builder config: {'name': 'SliceBuilder', 'patch_shape': [32, 256, 256], 'stride_shape': [20, 256, 256]}
2023-10-02 14:10:37,829 [MainThread] INFO DataLoader - Slice builder config: {'name': 'SliceBuilder', 'patch_shape': [32, 256, 256], 'stride_shape': [20, 256, 256]}
2023-10-02 14:10:37,861 [MainThread] INFO DataLoader - Number of workers for the dataloader: 2
2023-10-02 14:10:37,862 [MainThread] INFO DataLoader - Batch size for dataloader: 1
2023-10-02 14:11:35,937 [MainThread] INFO DataLoader - Creating test set loaders...
2023-10-02 14:11:37,048 [MainThread] INFO DataLoader - Slice builder config: {'name': 'SliceBuilder', 'patch_shape': [32, 256, 256], 'stride_shape': [20, 256, 256]}
2023-10-02 14:11:38,214 [MainThread] INFO DataLoader - Slice builder config: {'name': 'SliceBuilder', 'patch_shape': [32, 256, 256], 'stride_shape': [20, 256, 256]}
2023-10-02 14:11:38,249 [MainThread] INFO DataLoader - Number of workers for the dataloader: 2
2023-10-02 14:11:38,249 [MainThread] INFO DataLoader - Batch size for dataloader: 1
2023-10-02 14:13:50,095 [MainThread] INFO DataLoader - Creating test set loaders...
2023-10-02 14:13:51,134 [MainThread] INFO DataLoader - Slice builder config: {'name': 'SliceBuilder', 'patch_shape': [32, 256, 256], 'stride_shape': [20, 256, 256]}
2023-10-02 14:13:52,147 [MainThread] INFO DataLoader - Slice builder config: {'name': 'SliceBuilder', 'patch_shape': [32, 256, 256], 'stride_shape': [20, 256, 256]}
2023-10-02 14:13:52,151 [MainThread] INFO DataLoader - Number of workers for the dataloader: 2
2023-10-02 14:13:52,152 [MainThread] INFO DataLoader - Batch size for dataloader: 1
2023-10-02 14:13:52,152 [MainThread] INFO DataLoader - Loading test set from: D:/CapstoneData/test_3d/test\drf2_patient438.h5...
2023-10-02 14:24:48,307 [MainThread] INFO DataLoader - Creating test set loaders...
2023-10-02 14:24:49,423 [MainThread] INFO DataLoader - Slice builder config: {'name': 'SliceBuilder', 'patch_shape': [32, 256, 256], 'stride_shape': [20, 256, 256]}
2023-10-02 14:24:50,460 [MainThread] INFO DataLoader - Slice builder config: {'name': 'SliceBuilder', 'patch_shape': [32, 256, 256], 'stride_shape': [20, 256, 256]}
2023-10-02 14:24:50,464 [MainThread] INFO DataLoader - Number of workers for the dataloader: 2
2023-10-02 14:24:50,465 [MainThread] INFO DataLoader - Batch size for dataloader: 1
2023-10-02 14:24:50,465 [MainThread] INFO DataLoader - Loading test set from: D:/CapstoneData/test_3d/test\drf2_patient438.h5...
2023-10-02 14:26:39,047 [MainThread] INFO DataLoader - Creating test set loaders...
2023-10-02 14:26:40,175 [MainThread] INFO DataLoader - Slice builder config: {'name': 'SliceBuilder', 'patch_shape': [32, 256, 256], 'stride_shape': [20, 256, 256]}
2023-10-02 14:26:41,269 [MainThread] INFO DataLoader - Slice builder config: {'name': 'SliceBuilder', 'patch_shape': [32, 256, 256], 'stride_shape': [20, 256, 256]}
2023-10-02 14:26:41,271 [MainThread] INFO DataLoader - Number of workers for the dataloader: 2
2023-10-02 14:26:41,272 [MainThread] INFO DataLoader - Batch size for dataloader: 1
2023-10-02 14:26:41,273 [MainThread] INFO DataLoader - Loading test set from: D:/CapstoneData/test_3d/test\drf2_patient438.h5...
2023-10-02 14:27:23,349 [MainThread] INFO DataLoader - Creating test set loaders...
2023-10-02 14:27:24,391 [MainThread] INFO DataLoader - Slice builder config: {'name': 'SliceBuilder', 'patch_shape': [32, 256, 256], 'stride_shape': [20, 256, 256]}
2023-10-02 14:27:25,409 [MainThread] INFO DataLoader - Slice builder config: {'name': 'SliceBuilder', 'patch_shape': [32, 256, 256], 'stride_shape': [20, 256, 256]}
2023-10-02 14:27:25,412 [MainThread] INFO DataLoader - Number of workers for the dataloader: 2
2023-10-02 14:27:25,413 [MainThread] INFO DataLoader - Batch size for dataloader: 1
2023-10-02 14:27:25,414 [MainThread] INFO DataLoader - Loading test set from: D:/CapstoneData/test_3d/test\drf2_patient438.h5...
2023-10-02 14:32:38,284 [MainThread] INFO DataLoader - Creating test set loaders...
2023-10-02 14:32:38,972 [MainThread] INFO DataLoader - Slice builder config: {'name': 'SliceBuilder', 'patch_shape': [32, 256, 256], 'stride_shape': [20, 256, 256]}
2023-10-02 14:32:39,917 [MainThread] INFO DataLoader - Slice builder config: {'name': 'SliceBuilder', 'patch_shape': [32, 256, 256], 'stride_shape': [20, 256, 256]}
2023-10-02 14:32:39,919 [MainThread] INFO DataLoader - Number of workers for the dataloader: 2
2023-10-02 14:32:39,919 [MainThread] INFO DataLoader - Batch size for dataloader: 1
2023-10-02 14:32:39,921 [MainThread] INFO DataLoader - Loading test set from: D:/CapstoneData/test_3d/test\drf2_patient438.h5...
2023-10-02 14:35:06,944 [MainThread] INFO DataLoader - Creating test set loaders...
2023-10-02 14:35:08,576 [MainThread] INFO DataLoader - Number of workers for the dataloader: 2
2023-10-02 14:35:08,577 [MainThread] INFO DataLoader - Batch size for dataloader: 1
2023-10-02 14:38:03,556 [MainThread] INFO DataLoader - Creating test set loaders...
2023-10-02 14:38:04,620 [MainThread] INFO DataLoader - Slice builder config: {'name': 'SliceBuilder', 'patch_shape': [32, 256, 256], 'stride_shape': [20, 256, 256]}
2023-10-02 14:38:05,645 [MainThread] INFO DataLoader - Slice builder config: {'name': 'SliceBuilder', 'patch_shape': [32, 256, 256], 'stride_shape': [20, 256, 256]}
2023-10-02 14:38:05,649 [MainThread] INFO DataLoader - Number of workers for the dataloader: 2
2023-10-02 14:38:05,649 [MainThread] INFO DataLoader - Batch size for dataloader: 1
2023-10-02 14:38:05,651 [MainThread] INFO DataLoader - Loading test set from: D:/CapstoneData/test_3d/test\drf2_patient438.h5...
2023-10-02 14:39:10,331 [MainThread] INFO DataLoader - Creating test set loaders...
2023-10-02 14:39:11,369 [MainThread] INFO DataLoader - Slice builder config: {'name': 'SliceBuilder', 'patch_shape': [32, 256, 256], 'stride_shape': [20, 256, 256]}
2023-10-02 14:39:12,379 [MainThread] INFO DataLoader - Slice builder config: {'name': 'SliceBuilder', 'patch_shape': [32, 256, 256], 'stride_shape': [20, 256, 256]}
2023-10-02 14:39:12,381 [MainThread] INFO DataLoader - Number of workers for the dataloader: 2
2023-10-02 14:39:12,382 [MainThread] INFO DataLoader - Batch size for dataloader: 1
2023-10-02 14:39:12,383 [MainThread] INFO DataLoader - Loading test set from: D:/CapstoneData/test_3d/test\drf2_patient438.h5...
2023-10-02 14:41:43,136 [MainThread] INFO DataLoader - Creating test set loaders...
2023-10-02 14:41:44,195 [MainThread] INFO DataLoader - Slice builder config: {'name': 'SliceBuilder', 'patch_shape': [32, 256, 256], 'stride_shape': [20, 256, 256]}
2023-10-02 14:41:45,316 [MainThread] INFO DataLoader - Slice builder config: {'name': 'SliceBuilder', 'patch_shape': [32, 256, 256], 'stride_shape': [20, 256, 256]}
2023-10-02 14:41:45,319 [MainThread] INFO DataLoader - Number of workers for the dataloader: 2
2023-10-02 14:41:45,320 [MainThread] INFO DataLoader - Batch size for dataloader: 1
2023-10-02 14:41:45,321 [MainThread] INFO DataLoader - Loading test set from: D:/CapstoneData/test_3d/test\drf2_patient438.h5...
2023-10-02 14:44:50,113 [MainThread] INFO DataLoader - Loading test set from: D:/CapstoneData/test_3d/test\drf2_patient591.h5...
2023-10-02 15:59:14,152 [MainThread] INFO DataLoader - Creating test set loaders...
2023-10-02 15:59:15,357 [MainThread] INFO DataLoader - Slice builder config: {'name': 'SliceBuilder', 'patch_shape': [32, 256, 256], 'stride_shape': [20, 256, 256]}
2023-10-02 15:59:16,464 [MainThread] INFO DataLoader - Slice builder config: {'name': 'SliceBuilder', 'patch_shape': [32, 256, 256], 'stride_shape': [20, 256, 256]}
2023-10-02 15:59:16,472 [MainThread] INFO DataLoader - Number of workers for the dataloader: 2
2023-10-02 15:59:16,473 [MainThread] INFO DataLoader - Batch size for dataloader: 1
2023-10-02 15:59:16,479 [MainThread] INFO DataLoader - Loading test set from: D:/CapstoneData/test_3d/test\drf2_patient438.h5...
2023-10-02 16:02:29,880 [MainThread] INFO DataLoader - Loading test set from: D:/CapstoneData/test_3d/test\drf2_patient591.h5...
2023-10-14 14:45:27,813 [MainThread] INFO DataLoader - Creating training and validation set loaders...
2023-10-14 14:45:33,603 [MainThread] INFO DataLoader - Number of workers for train/val dataloader: 4
2023-10-14 14:45:33,604 [MainThread] INFO DataLoader - Batch size for train/val loader: 2
